have_header: checking for ruby/thread.h... -------------------- yes

"/usr/bin/clang -o conftest -I/Users/scervera/.rvm/rubies/ruby-2.1.1/include/ruby-2.1.0/x86_64-darwin12.0 -I/Users/scervera/.rvm/rubies/ruby-2.1.1/include/ruby-2.1.0/ruby/backward -I/Users/scervera/.rvm/rubies/ruby-2.1.1/include/ruby-2.1.0 -I. -D_XOPEN_SOURCE -D_DARWIN_C_SOURCE -D_DARWIN_UNLIMITED_SELECT -D_REENTRANT   -O3 -I/Users/travis/.sm/pkg/active/include -fPIC -mmacosx-version-min=10.6 -pipe conftest.c  -L. -L/Users/scervera/.rvm/rubies/ruby-2.1.1/lib -L. -L/Users/travis/.sm/pkg/active/lib -fPIC -Bstatic -fstack-protector   -arch x86_64   -lruby-static -framework CoreFoundation  -lpthread -ldl -lobjc "
ld: warning: directory not found for option '-L/Users/travis/.sm/pkg/active/lib'
checked program was:
/* begin */
1: #include "ruby.h"
2: 
3: int main(int argc, char **argv)
4: {
5:   return 0;
6: }
/* end */

"/usr/bin/clang -E -I/Users/scervera/.rvm/rubies/ruby-2.1.1/include/ruby-2.1.0/x86_64-darwin12.0 -I/Users/scervera/.rvm/rubies/ruby-2.1.1/include/ruby-2.1.0/ruby/backward -I/Users/scervera/.rvm/rubies/ruby-2.1.1/include/ruby-2.1.0 -I. -D_XOPEN_SOURCE -D_DARWIN_C_SOURCE -D_DARWIN_UNLIMITED_SELECT -D_REENTRANT   -O3 -I/Users/travis/.sm/pkg/active/include -fPIC -mmacosx-version-min=10.6 -pipe  conftest.c -o conftest.i"
checked program was:
/* begin */
1: #include "ruby.h"
2: 
3: #include <ruby/thread.h>
/* end */

--------------------

have_func: checking for rb_thread_call_without_gvl() in ruby/thread.h... -------------------- yes

"/usr/bin/clang -o conftest -I/Users/scervera/.rvm/rubies/ruby-2.1.1/include/ruby-2.1.0/x86_64-darwin12.0 -I/Users/scervera/.rvm/rubies/ruby-2.1.1/include/ruby-2.1.0/ruby/backward -I/Users/scervera/.rvm/rubies/ruby-2.1.1/include/ruby-2.1.0 -I. -D_XOPEN_SOURCE -D_DARWIN_C_SOURCE -D_DARWIN_UNLIMITED_SELECT -D_REENTRANT   -O3 -I/Users/travis/.sm/pkg/active/include -fPIC -mmacosx-version-min=10.6 -pipe conftest.c  -L. -L/Users/scervera/.rvm/rubies/ruby-2.1.1/lib -L. -L/Users/travis/.sm/pkg/active/lib -fPIC -Bstatic -fstack-protector   -arch x86_64   -lruby-static -framework CoreFoundation  -lpthread -ldl -lobjc "
ld: warning: directory not found for option '-L/Users/travis/.sm/pkg/active/lib'
checked program was:
/* begin */
 1: #include "ruby.h"
 2: 
 3: #include <ruby/thread.h>
 4: 
 5: /*top*/
 6: extern int t(void);
 7: int main(int argc, char **argv)
 8: {
 9:   if (argc > 1000000) {
10:     printf("%p", &t);
11:   }
12: 
13:   return 0;
14: }
15: int t(void) { void ((*volatile p)()); p = (void ((*)()))rb_thread_call_without_gvl; return 0; }
/* end */

--------------------

have_func: checking for rb_thread_blocking_region()... -------------------- yes

"/usr/bin/clang -o conftest -I/Users/scervera/.rvm/rubies/ruby-2.1.1/include/ruby-2.1.0/x86_64-darwin12.0 -I/Users/scervera/.rvm/rubies/ruby-2.1.1/include/ruby-2.1.0/ruby/backward -I/Users/scervera/.rvm/rubies/ruby-2.1.1/include/ruby-2.1.0 -I. -D_XOPEN_SOURCE -D_DARWIN_C_SOURCE -D_DARWIN_UNLIMITED_SELECT -D_REENTRANT   -O3 -I/Users/travis/.sm/pkg/active/include -fPIC -mmacosx-version-min=10.6 -pipe conftest.c  -L. -L/Users/scervera/.rvm/rubies/ruby-2.1.1/lib -L. -L/Users/travis/.sm/pkg/active/lib -fPIC -Bstatic -fstack-protector   -arch x86_64   -lruby-static -framework CoreFoundation  -lpthread -ldl -lobjc "
conftest.c:13:57: warning: 'rb_thread_blocking_region' is deprecated [-Wdeprecated-declarations]
int t(void) { void ((*volatile p)()); p = (void ((*)()))rb_thread_blocking_region; return 0; }
                                                        ^
/Users/scervera/.rvm/rubies/ruby-2.1.1/include/ruby-2.1.0/ruby/intern.h:870:18: note: 'rb_thread_blocking_region' has been explicitly marked deprecated here
DEPRECATED(VALUE rb_thread_blocking_region(rb_blocking_function_t *func, void *data1,
                 ^
1 warning generated.
ld: warning: directory not found for option '-L/Users/travis/.sm/pkg/active/lib'
checked program was:
/* begin */
 1: #include "ruby.h"
 2: 
 3: /*top*/
 4: extern int t(void);
 5: int main(int argc, char **argv)
 6: {
 7:   if (argc > 1000000) {
 8:     printf("%p", &t);
 9:   }
10: 
11:   return 0;
12: }
13: int t(void) { void ((*volatile p)()); p = (void ((*)()))rb_thread_blocking_region; return 0; }
/* end */

--------------------

have_func: checking for rb_wait_for_single_fd()... -------------------- yes

"/usr/bin/clang -o conftest -I/Users/scervera/.rvm/rubies/ruby-2.1.1/include/ruby-2.1.0/x86_64-darwin12.0 -I/Users/scervera/.rvm/rubies/ruby-2.1.1/include/ruby-2.1.0/ruby/backward -I/Users/scervera/.rvm/rubies/ruby-2.1.1/include/ruby-2.1.0 -I. -D_XOPEN_SOURCE -D_DARWIN_C_SOURCE -D_DARWIN_UNLIMITED_SELECT -D_REENTRANT   -O3 -I/Users/travis/.sm/pkg/active/include -fPIC -mmacosx-version-min=10.6 -pipe conftest.c  -L. -L/Users/scervera/.rvm/rubies/ruby-2.1.1/lib -L. -L/Users/travis/.sm/pkg/active/lib -fPIC -Bstatic -fstack-protector   -arch x86_64   -lruby-static -framework CoreFoundation  -lpthread -ldl -lobjc "
conftest.c:13:57: error: use of undeclared identifier 'rb_wait_for_single_fd'
int t(void) { void ((*volatile p)()); p = (void ((*)()))rb_wait_for_single_fd; return 0; }
                                                        ^
1 error generated.
checked program was:
/* begin */
 1: #include "ruby.h"
 2: 
 3: /*top*/
 4: extern int t(void);
 5: int main(int argc, char **argv)
 6: {
 7:   if (argc > 1000000) {
 8:     printf("%p", &t);
 9:   }
10: 
11:   return 0;
12: }
13: int t(void) { void ((*volatile p)()); p = (void ((*)()))rb_wait_for_single_fd; return 0; }
/* end */

"/usr/bin/clang -o conftest -I/Users/scervera/.rvm/rubies/ruby-2.1.1/include/ruby-2.1.0/x86_64-darwin12.0 -I/Users/scervera/.rvm/rubies/ruby-2.1.1/include/ruby-2.1.0/ruby/backward -I/Users/scervera/.rvm/rubies/ruby-2.1.1/include/ruby-2.1.0 -I. -D_XOPEN_SOURCE -D_DARWIN_C_SOURCE -D_DARWIN_UNLIMITED_SELECT -D_REENTRANT   -O3 -I/Users/travis/.sm/pkg/active/include -fPIC -mmacosx-version-min=10.6 -pipe conftest.c  -L. -L/Users/scervera/.rvm/rubies/ruby-2.1.1/lib -L. -L/Users/travis/.sm/pkg/active/lib -fPIC -Bstatic -fstack-protector   -arch x86_64   -lruby-static -framework CoreFoundation  -lpthread -ldl -lobjc "
conftest.c:13:15: warning: implicit declaration of function 'rb_wait_for_single_fd' is invalid in C99 [-Wimplicit-function-declaration]
int t(void) { rb_wait_for_single_fd(); return 0; }
              ^
1 warning generated.
ld: warning: directory not found for option '-L/Users/travis/.sm/pkg/active/lib'
checked program was:
/* begin */
 1: #include "ruby.h"
 2: 
 3: /*top*/
 4: extern int t(void);
 5: int main(int argc, char **argv)
 6: {
 7:   if (argc > 1000000) {
 8:     printf("%p", &t);
 9:   }
10: 
11:   return 0;
12: }
13: int t(void) { rb_wait_for_single_fd(); return 0; }
/* end */

--------------------

have_func: checking for rb_hash_dup()... -------------------- yes

"/usr/bin/clang -o conftest -I/Users/scervera/.rvm/rubies/ruby-2.1.1/include/ruby-2.1.0/x86_64-darwin12.0 -I/Users/scervera/.rvm/rubies/ruby-2.1.1/include/ruby-2.1.0/ruby/backward -I/Users/scervera/.rvm/rubies/ruby-2.1.1/include/ruby-2.1.0 -I. -D_XOPEN_SOURCE -D_DARWIN_C_SOURCE -D_DARWIN_UNLIMITED_SELECT -D_REENTRANT   -O3 -I/Users/travis/.sm/pkg/active/include -fPIC -mmacosx-version-min=10.6 -pipe conftest.c  -L. -L/Users/scervera/.rvm/rubies/ruby-2.1.1/lib -L. -L/Users/travis/.sm/pkg/active/lib -fPIC -Bstatic -fstack-protector   -arch x86_64   -lruby-static -framework CoreFoundation  -lpthread -ldl -lobjc "
ld: warning: directory not found for option '-L/Users/travis/.sm/pkg/active/lib'
checked program was:
/* begin */
 1: #include "ruby.h"
 2: 
 3: /*top*/
 4: extern int t(void);
 5: int main(int argc, char **argv)
 6: {
 7:   if (argc > 1000000) {
 8:     printf("%p", &t);
 9:   }
10: 
11:   return 0;
12: }
13: int t(void) { void ((*volatile p)()); p = (void ((*)()))rb_hash_dup; return 0; }
/* end */

--------------------

have_func: checking for rb_intern3()... -------------------- yes

"/usr/bin/clang -o conftest -I/Users/scervera/.rvm/rubies/ruby-2.1.1/include/ruby-2.1.0/x86_64-darwin12.0 -I/Users/scervera/.rvm/rubies/ruby-2.1.1/include/ruby-2.1.0/ruby/backward -I/Users/scervera/.rvm/rubies/ruby-2.1.1/include/ruby-2.1.0 -I. -D_XOPEN_SOURCE -D_DARWIN_C_SOURCE -D_DARWIN_UNLIMITED_SELECT -D_REENTRANT   -O3 -I/Users/travis/.sm/pkg/active/include -fPIC -mmacosx-version-min=10.6 -pipe conftest.c  -L. -L/Users/scervera/.rvm/rubies/ruby-2.1.1/lib -L. -L/Users/travis/.sm/pkg/active/lib -fPIC -Bstatic -fstack-protector   -arch x86_64   -lruby-static -framework CoreFoundation  -lpthread -ldl -lobjc "
conftest.c:13:57: error: use of undeclared identifier 'rb_intern3'
int t(void) { void ((*volatile p)()); p = (void ((*)()))rb_intern3; return 0; }
                                                        ^
1 error generated.
checked program was:
/* begin */
 1: #include "ruby.h"
 2: 
 3: /*top*/
 4: extern int t(void);
 5: int main(int argc, char **argv)
 6: {
 7:   if (argc > 1000000) {
 8:     printf("%p", &t);
 9:   }
10: 
11:   return 0;
12: }
13: int t(void) { void ((*volatile p)()); p = (void ((*)()))rb_intern3; return 0; }
/* end */

"/usr/bin/clang -o conftest -I/Users/scervera/.rvm/rubies/ruby-2.1.1/include/ruby-2.1.0/x86_64-darwin12.0 -I/Users/scervera/.rvm/rubies/ruby-2.1.1/include/ruby-2.1.0/ruby/backward -I/Users/scervera/.rvm/rubies/ruby-2.1.1/include/ruby-2.1.0 -I. -D_XOPEN_SOURCE -D_DARWIN_C_SOURCE -D_DARWIN_UNLIMITED_SELECT -D_REENTRANT   -O3 -I/Users/travis/.sm/pkg/active/include -fPIC -mmacosx-version-min=10.6 -pipe conftest.c  -L. -L/Users/scervera/.rvm/rubies/ruby-2.1.1/lib -L. -L/Users/travis/.sm/pkg/active/lib -fPIC -Bstatic -fstack-protector   -arch x86_64   -lruby-static -framework CoreFoundation  -lpthread -ldl -lobjc "
conftest.c:13:15: warning: implicit declaration of function 'rb_intern3' is invalid in C99 [-Wimplicit-function-declaration]
int t(void) { rb_intern3(); return 0; }
              ^
1 warning generated.
ld: warning: directory not found for option '-L/Users/travis/.sm/pkg/active/lib'
checked program was:
/* begin */
 1: #include "ruby.h"
 2: 
 3: /*top*/
 4: extern int t(void);
 5: int main(int argc, char **argv)
 6: {
 7:   if (argc > 1000000) {
 8:     printf("%p", &t);
 9:   }
10: 
11:   return 0;
12: }
13: int t(void) { rb_intern3(); return 0; }
/* end */

--------------------

have_header: checking for mysql.h... -------------------- yes

"/usr/bin/clang -E -I/Users/scervera/.rvm/rubies/ruby-2.1.1/include/ruby-2.1.0/x86_64-darwin12.0 -I/Users/scervera/.rvm/rubies/ruby-2.1.1/include/ruby-2.1.0/ruby/backward -I/Users/scervera/.rvm/rubies/ruby-2.1.1/include/ruby-2.1.0 -I. -I/usr/local/mysql/include -D_XOPEN_SOURCE -D_DARWIN_C_SOURCE -D_DARWIN_UNLIMITED_SELECT -D_REENTRANT   -O3 -I/Users/travis/.sm/pkg/active/include -fPIC -mmacosx-version-min=10.6 -pipe  conftest.c -o conftest.i"
checked program was:
/* begin */
1: #include "ruby.h"
2: 
3: #include <mysql.h>
/* end */

--------------------

have_header: checking for errmsg.h... -------------------- yes

"/usr/bin/clang -E -I/Users/scervera/.rvm/rubies/ruby-2.1.1/include/ruby-2.1.0/x86_64-darwin12.0 -I/Users/scervera/.rvm/rubies/ruby-2.1.1/include/ruby-2.1.0/ruby/backward -I/Users/scervera/.rvm/rubies/ruby-2.1.1/include/ruby-2.1.0 -I. -I/usr/local/mysql/include -D_XOPEN_SOURCE -D_DARWIN_C_SOURCE -D_DARWIN_UNLIMITED_SELECT -D_REENTRANT   -O3 -I/Users/travis/.sm/pkg/active/include -fPIC -mmacosx-version-min=10.6 -pipe  conftest.c -o conftest.i"
checked program was:
/* begin */
1: #include "ruby.h"
2: 
3: #include <errmsg.h>
/* end */

--------------------

have_header: checking for mysqld_error.h... -------------------- yes

"/usr/bin/clang -E -I/Users/scervera/.rvm/rubies/ruby-2.1.1/include/ruby-2.1.0/x86_64-darwin12.0 -I/Users/scervera/.rvm/rubies/ruby-2.1.1/include/ruby-2.1.0/ruby/backward -I/Users/scervera/.rvm/rubies/ruby-2.1.1/include/ruby-2.1.0 -I. -I/usr/local/mysql/include -D_XOPEN_SOURCE -D_DARWIN_C_SOURCE -D_DARWIN_UNLIMITED_SELECT -D_REENTRANT   -O3 -I/Users/travis/.sm/pkg/active/include -fPIC -mmacosx-version-min=10.6 -pipe  conftest.c -o conftest.i"
checked program was:
/* begin */
1: #include "ruby.h"
2: 
3: #include <mysqld_error.h>
/* end */

--------------------

"/usr/bin/clang -o conftest -I/Users/scervera/.rvm/rubies/ruby-2.1.1/include/ruby-2.1.0/x86_64-darwin12.0 -I/Users/scervera/.rvm/rubies/ruby-2.1.1/include/ruby-2.1.0/ruby/backward -I/Users/scervera/.rvm/rubies/ruby-2.1.1/include/ruby-2.1.0 -I. -I/usr/local/mysql/include -D_XOPEN_SOURCE -D_DARWIN_C_SOURCE -D_DARWIN_UNLIMITED_SELECT -D_REENTRANT   -O3 -I/Users/travis/.sm/pkg/active/include -fPIC -mmacosx-version-min=10.6 -pipe conftest.c  -L. -L/Users/scervera/.rvm/rubies/ruby-2.1.1/lib -L. -L/Users/travis/.sm/pkg/active/lib -fPIC -Bstatic -fstack-protector   -arch x86_64  -L/usr/local/mysql/lib -lmysqlclient   -lpthread  -lruby-static -framework CoreFoundation -Werror -Weverything -lpthread -ldl -lobjc "
In file included from conftest.c:1:
In file included from /Users/scervera/.rvm/rubies/ruby-2.1.1/include/ruby-2.1.0/ruby.h:33:
In file included from /Users/scervera/.rvm/rubies/ruby-2.1.1/include/ruby-2.1.0/ruby/ruby.h:24:
/Users/scervera/.rvm/rubies/ruby-2.1.1/include/ruby-2.1.0/x86_64-darwin12.0/ruby/config.h:15:9: error: macro name is a reserved identifier [-Werror,-Wreserved-id-macro]
#define __EXTENSIONS__ 1
        ^
/Users/scervera/.rvm/rubies/ruby-2.1.1/include/ruby-2.1.0/x86_64-darwin12.0/ruby/config.h:16:9: error: macro name is a reserved identifier [-Werror,-Wreserved-id-macro]
#define _ALL_SOURCE 1
        ^
/Users/scervera/.rvm/rubies/ruby-2.1.1/include/ruby-2.1.0/x86_64-darwin12.0/ruby/config.h:17:9: error: macro name is a reserved identifier [-Werror,-Wreserved-id-macro]
#define _GNU_SOURCE 1
        ^
/Users/scervera/.rvm/rubies/ruby-2.1.1/include/ruby-2.1.0/x86_64-darwin12.0/ruby/config.h:18:9: error: macro name is a reserved identifier [-Werror,-Wreserved-id-macro]
#define _POSIX_PTHREAD_SEMANTICS 1
        ^
/Users/scervera/.rvm/rubies/ruby-2.1.1/include/ruby-2.1.0/x86_64-darwin12.0/ruby/config.h:19:9: error: macro name is a reserved identifier [-Werror,-Wreserved-id-macro]
#define _TANDEM_SOURCE 1
        ^
/Users/scervera/.rvm/rubies/ruby-2.1.1/include/ruby-2.1.0/x86_64-darwin12.0/ruby/config.h:302:9: error: macro name is a reserved identifier [-Werror,-Wreserved-id-macro]
#define _REENTRANT 1
        ^
/Users/scervera/.rvm/rubies/ruby-2.1.1/include/ruby-2.1.0/x86_64-darwin12.0/ruby/config.h:303:9: error: macro name is a reserved identifier [-Werror,-Wreserved-id-macro]
#define _THREAD_SAFE 1
        ^
In file included from conftest.c:1:
In file included from /Users/scervera/.rvm/rubies/ruby-2.1.1/include/ruby-2.1.0/ruby.h:33:
In file included from /Users/scervera/.rvm/rubies/ruby-2.1.1/include/ruby-2.1.0/ruby/ruby.h:29:
/Users/scervera/.rvm/rubies/ruby-2.1.1/include/ruby-2.1.0/ruby/defines.h:88:8: error: macro name is a reserved identifier [-Werror,-Wreserved-id-macro]
#undef __
       ^
/Users/scervera/.rvm/rubies/ruby-2.1.1/include/ruby-2.1.0/ruby/defines.h:90:10: error: macro name is a reserved identifier [-Werror,-Wreserved-id-macro]
# define __(args) args
         ^
In file included from conftest.c:1:
In file included from /Users/scervera/.rvm/rubies/ruby-2.1.1/include/ruby-2.1.0/ruby.h:33:
/Users/scervera/.rvm/rubies/ruby-2.1.1/include/ruby-2.1.0/ruby/ruby.h:787:5: error: unknown command tag name [-Werror,-Wdocumentation-unknown-command]
/** @internal */
    ^
/Users/scervera/.rvm/rubies/ruby-2.1.1/include/ruby-2.1.0/ruby/ruby.h:1271:58: error: 'filename' was marked unused but was used [-Werror,-Wused-but-marked-unused]
    rb_obj_written(a, Qundef /* ignore `oldv' now */, b, filename, line);
                                                         ^
/Users/scervera/.rvm/rubies/ruby-2.1.1/include/ruby-2.1.0/ruby/ruby.h:1271:68: error: 'line' was marked unused but was used [-Werror,-Wused-but-marked-unused]
    rb_obj_written(a, Qundef /* ignore `oldv' now */, b, filename, line);
                                                                   ^
12 errors generated.
checked program was:
/* begin */
1: #include "ruby.h"
2: 
3: int main() {return 0;}
/* end */

"/usr/bin/clang -o conftest -I/Users/scervera/.rvm/rubies/ruby-2.1.1/include/ruby-2.1.0/x86_64-darwin12.0 -I/Users/scervera/.rvm/rubies/ruby-2.1.1/include/ruby-2.1.0/ruby/backward -I/Users/scervera/.rvm/rubies/ruby-2.1.1/include/ruby-2.1.0 -I. -I/usr/local/mysql/include -D_XOPEN_SOURCE -D_DARWIN_C_SOURCE -D_DARWIN_UNLIMITED_SELECT -D_REENTRANT   -O3 -I/Users/travis/.sm/pkg/active/include -fPIC -mmacosx-version-min=10.6 -pipe conftest.c  -L. -L/Users/scervera/.rvm/rubies/ruby-2.1.1/lib -L. -L/Users/travis/.sm/pkg/active/lib -fPIC -Bstatic -fstack-protector   -arch x86_64  -L/usr/local/mysql/lib -lmysqlclient   -lpthread  -lruby-static -framework CoreFoundation -Werror -Wno-bad-function-cast -lpthread -ldl -lobjc "
ld: warning: directory not found for option '-L/Users/travis/.sm/pkg/active/lib'
checked program was:
/* begin */
1: #include "ruby.h"
2: 
3: int main() {return 0;}
/* end */

"/usr/bin/clang -o conftest -I/Users/scervera/.rvm/rubies/ruby-2.1.1/include/ruby-2.1.0/x86_64-darwin12.0 -I/Users/scervera/.rvm/rubies/ruby-2.1.1/include/ruby-2.1.0/ruby/backward -I/Users/scervera/.rvm/rubies/ruby-2.1.1/include/ruby-2.1.0 -I. -I/usr/local/mysql/include -D_XOPEN_SOURCE -D_DARWIN_C_SOURCE -D_DARWIN_UNLIMITED_SELECT -D_REENTRANT   -O3 -I/Users/travis/.sm/pkg/active/include -fPIC -mmacosx-version-min=10.6 -pipe conftest.c  -L. -L/Users/scervera/.rvm/rubies/ruby-2.1.1/lib -L. -L/Users/travis/.sm/pkg/active/lib -fPIC -Bstatic -fstack-protector   -arch x86_64  -L/usr/local/mysql/lib -lmysqlclient   -lpthread  -lruby-static -framework CoreFoundation -Werror -Wno-conditional-uninitialized -lpthread -ldl -lobjc "
ld: warning: directory not found for option '-L/Users/travis/.sm/pkg/active/lib'
checked program was:
/* begin */
1: #include "ruby.h"
2: 
3: int main() {return 0;}
/* end */

"/usr/bin/clang -o conftest -I/Users/scervera/.rvm/rubies/ruby-2.1.1/include/ruby-2.1.0/x86_64-darwin12.0 -I/Users/scervera/.rvm/rubies/ruby-2.1.1/include/ruby-2.1.0/ruby/backward -I/Users/scervera/.rvm/rubies/ruby-2.1.1/include/ruby-2.1.0 -I. -I/usr/local/mysql/include -D_XOPEN_SOURCE -D_DARWIN_C_SOURCE -D_DARWIN_UNLIMITED_SELECT -D_REENTRANT   -O3 -I/Users/travis/.sm/pkg/active/include -fPIC -mmacosx-version-min=10.6 -pipe conftest.c  -L. -L/Users/scervera/.rvm/rubies/ruby-2.1.1/lib -L. -L/Users/travis/.sm/pkg/active/lib -fPIC -Bstatic -fstack-protector   -arch x86_64  -L/usr/local/mysql/lib -lmysqlclient   -lpthread  -lruby-static -framework CoreFoundation -Werror -Wno-covered-switch-default -lpthread -ldl -lobjc "
ld: warning: directory not found for option '-L/Users/travis/.sm/pkg/active/lib'
checked program was:
/* begin */
1: #include "ruby.h"
2: 
3: int main() {return 0;}
/* end */

"/usr/bin/clang -o conftest -I/Users/scervera/.rvm/rubies/ruby-2.1.1/include/ruby-2.1.0/x86_64-darwin12.0 -I/Users/scervera/.rvm/rubies/ruby-2.1.1/include/ruby-2.1.0/ruby/backward -I/Users/scervera/.rvm/rubies/ruby-2.1.1/include/ruby-2.1.0 -I. -I/usr/local/mysql/include -D_XOPEN_SOURCE -D_DARWIN_C_SOURCE -D_DARWIN_UNLIMITED_SELECT -D_REENTRANT   -O3 -I/Users/travis/.sm/pkg/active/include -fPIC -mmacosx-version-min=10.6 -pipe conftest.c  -L. -L/Users/scervera/.rvm/rubies/ruby-2.1.1/lib -L. -L/Users/travis/.sm/pkg/active/lib -fPIC -Bstatic -fstack-protector   -arch x86_64  -L/usr/local/mysql/lib -lmysqlclient   -lpthread  -lruby-static -framework CoreFoundation -Werror -Wno-declaration-after-statement -lpthread -ldl -lobjc "
ld: warning: directory not found for option '-L/Users/travis/.sm/pkg/active/lib'
checked program was:
/* begin */
1: #include "ruby.h"
2: 
3: int main() {return 0;}
/* end */

"/usr/bin/clang -o conftest -I/Users/scervera/.rvm/rubies/ruby-2.1.1/include/ruby-2.1.0/x86_64-darwin12.0 -I/Users/scervera/.rvm/rubies/ruby-2.1.1/include/ruby-2.1.0/ruby/backward -I/Users/scervera/.rvm/rubies/ruby-2.1.1/include/ruby-2.1.0 -I. -I/usr/local/mysql/include -D_XOPEN_SOURCE -D_DARWIN_C_SOURCE -D_DARWIN_UNLIMITED_SELECT -D_REENTRANT   -O3 -I/Users/travis/.sm/pkg/active/include -fPIC -mmacosx-version-min=10.6 -pipe conftest.c  -L. -L/Users/scervera/.rvm/rubies/ruby-2.1.1/lib -L. -L/Users/travis/.sm/pkg/active/lib -fPIC -Bstatic -fstack-protector   -arch x86_64  -L/usr/local/mysql/lib -lmysqlclient   -lpthread  -lruby-static -framework CoreFoundation -Werror -Wno-disabled-macro-expansion -lpthread -ldl -lobjc "
ld: warning: directory not found for option '-L/Users/travis/.sm/pkg/active/lib'
checked program was:
/* begin */
1: #include "ruby.h"
2: 
3: int main() {return 0;}
/* end */

"/usr/bin/clang -o conftest -I/Users/scervera/.rvm/rubies/ruby-2.1.1/include/ruby-2.1.0/x86_64-darwin12.0 -I/Users/scervera/.rvm/rubies/ruby-2.1.1/include/ruby-2.1.0/ruby/backward -I/Users/scervera/.rvm/rubies/ruby-2.1.1/include/ruby-2.1.0 -I. -I/usr/local/mysql/include -D_XOPEN_SOURCE -D_DARWIN_C_SOURCE -D_DARWIN_UNLIMITED_SELECT -D_REENTRANT   -O3 -I/Users/travis/.sm/pkg/active/include -fPIC -mmacosx-version-min=10.6 -pipe conftest.c  -L. -L/Users/scervera/.rvm/rubies/ruby-2.1.1/lib -L. -L/Users/travis/.sm/pkg/active/lib -fPIC -Bstatic -fstack-protector   -arch x86_64  -L/usr/local/mysql/lib -lmysqlclient   -lpthread  -lruby-static -framework CoreFoundation -Werror -Wno-documentation-unknown-command -lpthread -ldl -lobjc "
ld: warning: directory not found for option '-L/Users/travis/.sm/pkg/active/lib'
checked program was:
/* begin */
1: #include "ruby.h"
2: 
3: int main() {return 0;}
/* end */

"/usr/bin/clang -o conftest -I/Users/scervera/.rvm/rubies/ruby-2.1.1/include/ruby-2.1.0/x86_64-darwin12.0 -I/Users/scervera/.rvm/rubies/ruby-2.1.1/include/ruby-2.1.0/ruby/backward -I/Users/scervera/.rvm/rubies/ruby-2.1.1/include/ruby-2.1.0 -I. -I/usr/local/mysql/include -D_XOPEN_SOURCE -D_DARWIN_C_SOURCE -D_DARWIN_UNLIMITED_SELECT -D_REENTRANT   -O3 -I/Users/travis/.sm/pkg/active/include -fPIC -mmacosx-version-min=10.6 -pipe conftest.c  -L. -L/Users/scervera/.rvm/rubies/ruby-2.1.1/lib -L. -L/Users/travis/.sm/pkg/active/lib -fPIC -Bstatic -fstack-protector   -arch x86_64  -L/usr/local/mysql/lib -lmysqlclient   -lpthread  -lruby-static -framework CoreFoundation -Werror -Wno-missing-field-initializers -lpthread -ldl -lobjc "
ld: warning: directory not found for option '-L/Users/travis/.sm/pkg/active/lib'
checked program was:
/* begin */
1: #include "ruby.h"
2: 
3: int main() {return 0;}
/* end */

"/usr/bin/clang -o conftest -I/Users/scervera/.rvm/rubies/ruby-2.1.1/include/ruby-2.1.0/x86_64-darwin12.0 -I/Users/scervera/.rvm/rubies/ruby-2.1.1/include/ruby-2.1.0/ruby/backward -I/Users/scervera/.rvm/rubies/ruby-2.1.1/include/ruby-2.1.0 -I. -I/usr/local/mysql/include -D_XOPEN_SOURCE -D_DARWIN_C_SOURCE -D_DARWIN_UNLIMITED_SELECT -D_REENTRANT   -O3 -I/Users/travis/.sm/pkg/active/include -fPIC -mmacosx-version-min=10.6 -pipe conftest.c  -L. -L/Users/scervera/.rvm/rubies/ruby-2.1.1/lib -L. -L/Users/travis/.sm/pkg/active/lib -fPIC -Bstatic -fstack-protector   -arch x86_64  -L/usr/local/mysql/lib -lmysqlclient   -lpthread  -lruby-static -framework CoreFoundation -Werror -Wno-missing-variable-declarations -lpthread -ldl -lobjc "
ld: warning: directory not found for option '-L/Users/travis/.sm/pkg/active/lib'
checked program was:
/* begin */
1: #include "ruby.h"
2: 
3: int main() {return 0;}
/* end */

"/usr/bin/clang -o conftest -I/Users/scervera/.rvm/rubies/ruby-2.1.1/include/ruby-2.1.0/x86_64-darwin12.0 -I/Users/scervera/.rvm/rubies/ruby-2.1.1/include/ruby-2.1.0/ruby/backward -I/Users/scervera/.rvm/rubies/ruby-2.1.1/include/ruby-2.1.0 -I. -I/usr/local/mysql/include -D_XOPEN_SOURCE -D_DARWIN_C_SOURCE -D_DARWIN_UNLIMITED_SELECT -D_REENTRANT   -O3 -I/Users/travis/.sm/pkg/active/include -fPIC -mmacosx-version-min=10.6 -pipe conftest.c  -L. -L/Users/scervera/.rvm/rubies/ruby-2.1.1/lib -L. -L/Users/travis/.sm/pkg/active/lib -fPIC -Bstatic -fstack-protector   -arch x86_64  -L/usr/local/mysql/lib -lmysqlclient   -lpthread  -lruby-static -framework CoreFoundation -Werror -Wno-padded -lpthread -ldl -lobjc "
ld: warning: directory not found for option '-L/Users/travis/.sm/pkg/active/lib'
checked program was:
/* begin */
1: #include "ruby.h"
2: 
3: int main() {return 0;}
/* end */

"/usr/bin/clang -o conftest -I/Users/scervera/.rvm/rubies/ruby-2.1.1/include/ruby-2.1.0/x86_64-darwin12.0 -I/Users/scervera/.rvm/rubies/ruby-2.1.1/include/ruby-2.1.0/ruby/backward -I/Users/scervera/.rvm/rubies/ruby-2.1.1/include/ruby-2.1.0 -I. -I/usr/local/mysql/include -D_XOPEN_SOURCE -D_DARWIN_C_SOURCE -D_DARWIN_UNLIMITED_SELECT -D_REENTRANT   -O3 -I/Users/travis/.sm/pkg/active/include -fPIC -mmacosx-version-min=10.6 -pipe conftest.c  -L. -L/Users/scervera/.rvm/rubies/ruby-2.1.1/lib -L. -L/Users/travis/.sm/pkg/active/lib -fPIC -Bstatic -fstack-protector   -arch x86_64  -L/usr/local/mysql/lib -lmysqlclient   -lpthread  -lruby-static -framework CoreFoundation -Werror -Wno-reserved-id-macro -lpthread -ldl -lobjc "
ld: warning: directory not found for option '-L/Users/travis/.sm/pkg/active/lib'
checked program was:
/* begin */
1: #include "ruby.h"
2: 
3: int main() {return 0;}
/* end */

"/usr/bin/clang -o conftest -I/Users/scervera/.rvm/rubies/ruby-2.1.1/include/ruby-2.1.0/x86_64-darwin12.0 -I/Users/scervera/.rvm/rubies/ruby-2.1.1/include/ruby-2.1.0/ruby/backward -I/Users/scervera/.rvm/rubies/ruby-2.1.1/include/ruby-2.1.0 -I. -I/usr/local/mysql/include -D_XOPEN_SOURCE -D_DARWIN_C_SOURCE -D_DARWIN_UNLIMITED_SELECT -D_REENTRANT   -O3 -I/Users/travis/.sm/pkg/active/include -fPIC -mmacosx-version-min=10.6 -pipe conftest.c  -L. -L/Users/scervera/.rvm/rubies/ruby-2.1.1/lib -L. -L/Users/travis/.sm/pkg/active/lib -fPIC -Bstatic -fstack-protector   -arch x86_64  -L/usr/local/mysql/lib -lmysqlclient   -lpthread  -lruby-static -framework CoreFoundation -Werror -Wno-sign-conversion -lpthread -ldl -lobjc "
ld: warning: directory not found for option '-L/Users/travis/.sm/pkg/active/lib'
checked program was:
/* begin */
1: #include "ruby.h"
2: 
3: int main() {return 0;}
/* end */

"/usr/bin/clang -o conftest -I/Users/scervera/.rvm/rubies/ruby-2.1.1/include/ruby-2.1.0/x86_64-darwin12.0 -I/Users/scervera/.rvm/rubies/ruby-2.1.1/include/ruby-2.1.0/ruby/backward -I/Users/scervera/.rvm/rubies/ruby-2.1.1/include/ruby-2.1.0 -I. -I/usr/local/mysql/include -D_XOPEN_SOURCE -D_DARWIN_C_SOURCE -D_DARWIN_UNLIMITED_SELECT -D_REENTRANT   -O3 -I/Users/travis/.sm/pkg/active/include -fPIC -mmacosx-version-min=10.6 -pipe conftest.c  -L. -L/Users/scervera/.rvm/rubies/ruby-2.1.1/lib -L. -L/Users/travis/.sm/pkg/active/lib -fPIC -Bstatic -fstack-protector   -arch x86_64  -L/usr/local/mysql/lib -lmysqlclient   -lpthread  -lruby-static -framework CoreFoundation -Werror -Wno-static-in-inline -lpthread -ldl -lobjc "
ld: warning: directory not found for option '-L/Users/travis/.sm/pkg/active/lib'
checked program was:
/* begin */
1: #include "ruby.h"
2: 
3: int main() {return 0;}
/* end */

"/usr/bin/clang -o conftest -I/Users/scervera/.rvm/rubies/ruby-2.1.1/include/ruby-2.1.0/x86_64-darwin12.0 -I/Users/scervera/.rvm/rubies/ruby-2.1.1/include/ruby-2.1.0/ruby/backward -I/Users/scervera/.rvm/rubies/ruby-2.1.1/include/ruby-2.1.0 -I. -I/usr/local/mysql/include -D_XOPEN_SOURCE -D_DARWIN_C_SOURCE -D_DARWIN_UNLIMITED_SELECT -D_REENTRANT   -O3 -I/Users/travis/.sm/pkg/active/include -fPIC -mmacosx-version-min=10.6 -pipe conftest.c  -L. -L/Users/scervera/.rvm/rubies/ruby-2.1.1/lib -L. -L/Users/travis/.sm/pkg/active/lib -fPIC -Bstatic -fstack-protector   -arch x86_64  -L/usr/local/mysql/lib -lmysqlclient   -lpthread  -lruby-static -framework CoreFoundation -Werror -Wno-switch-enum -lpthread -ldl -lobjc "
ld: warning: directory not found for option '-L/Users/travis/.sm/pkg/active/lib'
checked program was:
/* begin */
1: #include "ruby.h"
2: 
3: int main() {return 0;}
/* end */

"/usr/bin/clang -o conftest -I/Users/scervera/.rvm/rubies/ruby-2.1.1/include/ruby-2.1.0/x86_64-darwin12.0 -I/Users/scervera/.rvm/rubies/ruby-2.1.1/include/ruby-2.1.0/ruby/backward -I/Users/scervera/.rvm/rubies/ruby-2.1.1/include/ruby-2.1.0 -I. -I/usr/local/mysql/include -D_XOPEN_SOURCE -D_DARWIN_C_SOURCE -D_DARWIN_UNLIMITED_SELECT -D_REENTRANT   -O3 -I/Users/travis/.sm/pkg/active/include -fPIC -mmacosx-version-min=10.6 -pipe conftest.c  -L. -L/Users/scervera/.rvm/rubies/ruby-2.1.1/lib -L. -L/Users/travis/.sm/pkg/active/lib -fPIC -Bstatic -fstack-protector   -arch x86_64  -L/usr/local/mysql/lib -lmysqlclient   -lpthread  -lruby-static -framework CoreFoundation -Werror -Wno-undef -lpthread -ldl -lobjc "
ld: warning: directory not found for option '-L/Users/travis/.sm/pkg/active/lib'
checked program was:
/* begin */
1: #include "ruby.h"
2: 
3: int main() {return 0;}
/* end */

"/usr/bin/clang -o conftest -I/Users/scervera/.rvm/rubies/ruby-2.1.1/include/ruby-2.1.0/x86_64-darwin12.0 -I/Users/scervera/.rvm/rubies/ruby-2.1.1/include/ruby-2.1.0/ruby/backward -I/Users/scervera/.rvm/rubies/ruby-2.1.1/include/ruby-2.1.0 -I. -I/usr/local/mysql/include -D_XOPEN_SOURCE -D_DARWIN_C_SOURCE -D_DARWIN_UNLIMITED_SELECT -D_REENTRANT   -O3 -I/Users/travis/.sm/pkg/active/include -fPIC -mmacosx-version-min=10.6 -pipe conftest.c  -L. -L/Users/scervera/.rvm/rubies/ruby-2.1.1/lib -L. -L/Users/travis/.sm/pkg/active/lib -fPIC -Bstatic -fstack-protector   -arch x86_64  -L/usr/local/mysql/lib -lmysqlclient   -lpthread  -lruby-static -framework CoreFoundation -Werror -Wno-unreachable-code -lpthread -ldl -lobjc "
ld: warning: directory not found for option '-L/Users/travis/.sm/pkg/active/lib'
checked program was:
/* begin */
1: #include "ruby.h"
2: 
3: int main() {return 0;}
/* end */

"/usr/bin/clang -o conftest -I/Users/scervera/.rvm/rubies/ruby-2.1.1/include/ruby-2.1.0/x86_64-darwin12.0 -I/Users/scervera/.rvm/rubies/ruby-2.1.1/include/ruby-2.1.0/ruby/backward -I/Users/scervera/.rvm/rubies/ruby-2.1.1/include/ruby-2.1.0 -I. -I/usr/local/mysql/include -D_XOPEN_SOURCE -D_DARWIN_C_SOURCE -D_DARWIN_UNLIMITED_SELECT -D_REENTRANT   -O3 -I/Users/travis/.sm/pkg/active/include -fPIC -mmacosx-version-min=10.6 -pipe conftest.c  -L. -L/Users/scervera/.rvm/rubies/ruby-2.1.1/lib -L. -L/Users/travis/.sm/pkg/active/lib -fPIC -Bstatic -fstack-protector   -arch x86_64  -L/usr/local/mysql/lib -lmysqlclient   -lpthread  -lruby-static -framework CoreFoundation -Werror -Wno-used-but-marked-unused -lpthread -ldl -lobjc "
ld: warning: directory not found for option '-L/Users/travis/.sm/pkg/active/lib'
checked program was:
/* begin */
1: #include "ruby.h"
2: 
3: int main() {return 0;}
/* end */

"/usr/bin/clang -o conftest -I/Users/scervera/.rvm/rubies/ruby-2.1.1/include/ruby-2.1.0/x86_64-darwin12.0 -I/Users/scervera/.rvm/rubies/ruby-2.1.1/include/ruby-2.1.0/ruby/backward -I/Users/scervera/.rvm/rubies/ruby-2.1.1/include/ruby-2.1.0 -I. -I/usr/local/mysql/include -D_XOPEN_SOURCE -D_DARWIN_C_SOURCE -D_DARWIN_UNLIMITED_SELECT -D_REENTRANT   -O3 -I/Users/travis/.sm/pkg/active/include -fPIC -mmacosx-version-min=10.6 -pipe -Wno-bad-function-cast -Wno-conditional-uninitialized -Wno-covered-switch-default -Wno-declaration-after-statement -Wno-disabled-macro-expansion -Wno-documentation-unknown-command -Wno-missing-field-initializers -Wno-missing-variable-declarations -Wno-padded -Wno-reserved-id-macro -Wno-sign-conversion -Wno-static-in-inline -Wno-switch-enum -Wno-undef -Wno-unreachable-code -Wno-used-but-marked-unused conftest.c  -L. -L/Users/scervera/.rvm/rubies/ruby-2.1.1/lib -L. -L/Users/travis/.sm/pkg/active/lib -fPIC -Bstatic -fstack-protector   -arch x86_64  -L/usr/local/mysql/lib -lmysqlclient   -lpthread  -lruby-static -framework CoreFoundation  -Wl,-rpath,/usr/local/mysql/lib -lpthread -ldl -lobjc "
ld: warning: directory not found for option '-L/Users/travis/.sm/pkg/active/lib'
checked program was:
/* begin */
1: #include "ruby.h"
2: 
3: int main() {return 0;}
/* end */

